<?xml version="1.0" encoding="utf-8"?><testsuites name="pytest tests"><testsuite name="pytest" errors="0" failures="0" skipped="0" tests="61" time="0.504" timestamp="2026-06-29T17:41:19.826766+00:00" hostname="agent-env-7a7326d0-9c3a-44dd-adc2-3b56c354ad40"><testcase classname="backend.tests.test_foundation_scp.TestCliSmoke" name="test_launch_and_quit" time="0.071" /><testcase classname="backend.tests.test_foundation_scp.TestCliSmoke" name="test_fresh_save_file_created" time="0.076" /><testcase classname="backend.tests.test_foundation_scp.TestDataIntegrity" name="test_counts_match_spec" time="0.000" /><testcase classname="backend.tests.test_foundation_scp.TestDataIntegrity" name="test_scp_index_9_is_999" time="0.000" /><testcase classname="backend.tests.test_foundation_scp.TestDataIntegrity" name="test_research_required_ranks" time="0.000" /><testcase classname="backend.tests.test_foundation_scp.TestDataIntegrity" name="test_op_scp_999_rank0" time="0.000" /><testcase classname="backend.tests.test_foundation_scp.TestRng" name="test_roll_within_bounds" time="0.000" /><testcase classname="backend.tests.test_foundation_scp.TestRng" name="test_choice_returns_member" time="0.000" /><testcase classname="backend.tests.test_foundation_scp.TestRng" name="test_chance_distribution" time="0.000" /><testcase classname="backend.tests.test_foundation_scp.TestGameStateActions" name="test_research_rank_lock_at_start" time="0.000" /><testcase classname="backend.tests.test_foundation_scp.TestGameStateActions" name="test_research_succeeds_when_eligible" time="0.000" /><testcase classname="backend.tests.test_foundation_scp.TestGameStateActions" name="test_research_blocks_duplicate" time="0.000" /><testcase classname="backend.tests.test_foundation_scp.TestGameStateActions" name="test_store_buy_deducts_credits" time="0.000" /><testcase classname="backend.tests.test_foundation_scp.TestGameStateActions" name="test_store_blocks_without_research" time="0.000" /><testcase classname="backend.tests.test_foundation_scp.TestGameStateActions" name="test_operation_success_chance_formula" time="0.000" /><testcase classname="backend.tests.test_foundation_scp.TestGameStateActions" name="test_op_lock_when_below_required_rank" time="0.000" /><testcase classname="backend.tests.test_foundation_scp.TestGameStateActions" name="test_op_dispatch_updates_currencies_or_xp" time="0.000" /><testcase classname="backend.tests.test_foundation_scp.TestLoadout" name="test_toggle_requires_ownership" time="0.000" /><testcase classname="backend.tests.test_foundation_scp.TestLoadout" name="test_toggle_add_then_remove" time="0.001" /><testcase classname="backend.tests.test_foundation_scp.TestLoadout" name="test_loadout_capacity" time="0.001" /><testcase classname="backend.tests.test_foundation_scp.TestBreach" name="test_assess_clamps_and_formula" time="0.000" /><testcase classname="backend.tests.test_foundation_scp.TestBreach" name="test_assess_with_loadout_bonus" time="0.000" /><testcase classname="backend.tests.test_foundation_scp.TestBreach" name="test_assess_clamp_low_and_high" time="0.000" /><testcase classname="backend.tests.test_foundation_scp.TestBreach" name="test_record_breach_result_success" time="0.000" /><testcase classname="backend.tests.test_foundation_scp.TestBreach" name="test_record_breach_result_failure" time="0.000" /><testcase classname="backend.tests.test_foundation_scp.TestArchives" name="test_add_view_update_delete_persist" time="0.001" /><testcase classname="backend.tests.test_foundation_scp.TestArchives" name="test_next_id_increments" time="0.002" /><testcase classname="backend.tests.test_foundation_scp.TestArchives" name="test_breachable_appears_in_breach_targets" time="0.000" /><testcase classname="backend.tests.test_foundation_scp.TestProcessPersistence" name="test_state_and_archives_persist_across_runs" time="0.072" /><testcase classname="backend.tests.test_new_features.TestScenariosData" name="test_six_scenarios_defined" time="0.000" /><testcase classname="backend.tests.test_new_features.TestScenariosData" name="test_has_and_stages" time="0.000" /><testcase classname="backend.tests.test_new_features.TestScenariosData" name="test_no_scenario_for_999" time="0.000" /><testcase classname="backend.tests.test_new_features.TestArt" name="test_specific_art_for_known_scps" time="0.000" /><testcase classname="backend.tests.test_new_features.TestArt" name="test_generic_art_for_unknown" time="0.000" /><testcase classname="backend.tests.test_new_features.TestArt" name="test_all_specific_arts_unique" time="0.000" /><testcase classname="backend.tests.test_new_features.TestBranching" name="test_branching_applies_positive_deltas" time="0.000" /><testcase classname="backend.tests.test_new_features.TestBranching" name="test_branching_applies_negative_deltas" time="0.000" /><testcase classname="backend.tests.test_new_features.TestBranching" name="test_branching_clamps_to_5_95" time="0.000" /><testcase classname="backend.tests.test_new_features.TestBranching" name="test_branching_clamps_high" time="0.000" /><testcase classname="backend.tests.test_new_features.TestBranching" name="test_branching_improvise_uses_rng" time="0.000" /><testcase classname="backend.tests.test_new_features.TestBranching" name="test_run_breach_branching_resolves_to_contained" time="0.001" /><testcase classname="backend.tests.test_new_features.TestAchievements" name="test_achievements_count_and_ids" time="0.000" /><testcase classname="backend.tests.test_new_features.TestAchievements" name="test_first_blood_unlocks_on_survival" time="0.000" /><testcase classname="backend.tests.test_new_features.TestAchievements" name="test_untouchable_via_ctx" time="0.000" /><testcase classname="backend.tests.test_new_features.TestAchievements" name="test_untouchable_requires_ctx_flag" time="0.000" /><testcase classname="backend.tests.test_new_features.TestAchievements" name="test_armed_unlocks_at_4_loadout" time="0.000" /><testcase classname="backend.tests.test_new_features.TestAchievements" name="test_archivist_unlocks_at_3_archives" time="0.002" /><testcase classname="backend.tests.test_new_features.TestAchievements" name="test_lab_coat_at_5_research" time="0.000" /><testcase classname="backend.tests.test_new_features.TestAchievements" name="test_containment_specialist_at_10_ops" time="0.000" /><testcase classname="backend.tests.test_new_features.TestAchievements" name="test_old_hand_at_10_breaches" time="0.000" /><testcase classname="backend.tests.test_new_features.TestAchievements" name="test_o5_at_rank_5" time="0.000" /><testcase classname="backend.tests.test_new_features.TestAchievements" name="test_no_double_unlock" time="0.000" /><testcase classname="backend.tests.test_new_features.TestIronManAndNewGame" name="test_new_game_wipes_progression" time="0.001" /><testcase classname="backend.tests.test_new_features.TestIronManAndNewGame" name="test_new_game_enables_ironman_flag" time="0.000" /><testcase classname="backend.tests.test_new_features.TestIronManAndNewGame" name="test_ironman_wipe_on_failed_breach" time="0.002" /><testcase classname="backend.tests.test_new_features.TestIronManAndNewGame" name="test_ironman_does_not_wipe_on_success" time="0.001" /><testcase classname="backend.tests.test_new_features.TestIronManAndNewGame" name="test_header_shows_ironman_marker" time="0.003" /><testcase classname="backend.tests.test_new_features.TestRngBounds" name="test_roll_raises_on_high_lt_low" time="0.000" /><testcase classname="backend.tests.test_new_features.TestRngBounds" name="test_roll_equal_bounds_ok" time="0.000" /><testcase classname="backend.tests.test_new_features.TestSaveOnInterrupt" name="test_eof_at_hub_saves_state" time="0.073" /><testcase classname="backend.tests.test_new_features.TestCliBranchingBreach" name="test_scp173_branching_runs_two_decision_stages" time="0.090" /></testsuite></testsuites>