<?xml version="1.0" encoding="utf-8"?><testsuites name="pytest tests"><testsuite name="pytest" errors="0" failures="0" skipped="0" tests="3" time="0.708" timestamp="2026-06-29T16:16:33.597097+00:00" hostname="agent-env-6d864f13-9833-4c70-9169-6376dd5bcde8"><testcase classname="backend.tests.test_template_smoke.TestRoot" name="test_root_returns_hello_world" time="0.153" /><testcase classname="backend.tests.test_template_smoke.TestStatus" name="test_create_status_check" time="0.175" /><testcase classname="backend.tests.test_template_smoke.TestStatus" name="test_list_status_includes_created" time="0.153" /></testsuite></testsuites>